2021-06-09 16:50:59,495 :INFO : verify_GoldPlanPrice : verify plan price for Gold
2021-06-09 16:52:02,652 :INFO : verify_GoldPlanPrice : month 12 and Price is matching in Plan details Page
2021-06-09 16:52:05,860 :INFO : verify_GoldPlanPrice : month 6 and Price is matching in Plan details Page
2021-06-09 16:52:09,892 :INFO : verify_GoldPlanPrice : month 1 and price is matching in Plan details Page
2021-06-09 16:55:15,766 :INFO : verify_GoldPlanPrice : month 12 and Price is matching in Plan Page
2021-06-09 16:55:15,813 :INFO : verify_GoldPlanPrice : month 6 and Price is matching in Plan Page
2021-06-09 16:55:15,855 :INFO : verify_GoldPlanPrice : month 1 and price is matching in Plan Page
2021-06-09 17:01:32,051 :INFO : verify_PlatinumPlanPrice : verify plan price for Platinum
2021-06-09 17:01:50,656 :INFO : verify_PlatinumPlanPrice : Month and price does not match in Plan details Page
2021-06-09 17:01:52,388 :INFO : verify_PlatinumPlanPrice : Month and price does not match in Plan details Page
2021-06-09 17:01:54,172 :INFO : verify_PlatinumPlanPrice : Month and price does not match in Plan details Page
2021-06-09 17:03:01,661 :INFO : verify_PlatinumPlanPrice : Month and price does not match in Plan Page
2021-06-09 17:03:01,756 :INFO : verify_PlatinumPlanPrice : Month and price does not match in Plan Page
2021-06-09 17:03:01,799 :INFO : verify_PlatinumPlanPrice : Month and price does not match in Plan Page
2021-06-09 17:21:57,171 :INFO : verify_SilverPlanPrice : verify plan price for Silver
2021-06-09 17:22:32,806 :INFO : verify_SilverPlanPrice : verify plan price for Silver
2021-06-09 17:22:43,330 :INFO : verify_SilverPlanPrice : Month and price does not match in Plan details Page
2021-06-09 17:22:43,983 :INFO : verify_SilverPlanPrice : month 6 and Price is matching in Plan details Page
2021-06-09 17:22:44,586 :INFO : verify_SilverPlanPrice : month 1 and price is matching in Plan details Page
2021-06-09 17:26:10,286 :INFO : verify_TitaniumPlanPrice : verify plan price for Gold
2021-06-09 17:26:20,030 :INFO : verify_TitaniumPlanPrice : month 12 and Price is matching in Plan details Page
2021-06-09 17:26:20,684 :INFO : verify_TitaniumPlanPrice : month 6 and Price is matching in Plan details Page
2021-06-09 17:26:21,336 :INFO : verify_TitaniumPlanPrice : month 1 and price is matching in Plan details Page
2021-06-09 17:26:23,408 :INFO : verify_TitaniumPlanPrice : month 12 and Price is matching in Plan Page
2021-06-09 17:26:23,453 :INFO : verify_TitaniumPlanPrice : month 6 and Price is matching in Plan Page
2021-06-09 17:26:23,492 :INFO : verify_TitaniumPlanPrice : month 1 and price is matching in Plan Page
2021-06-09 18:18:37,318 :INFO : verify_menu_link : Sign Up page displayed
2021-06-09 18:43:16,250 :INFO : verify_menu_link : Sign Up page displayed
2021-06-09 18:44:47,269 :INFO : verify_menu_link : Sign Up page displayed
2021-06-09 18:44:56,761 :INFO : verify_menu_link : Google Play store opened
2021-06-09 18:48:23,464 :INFO : verify_menu_link : Sign Up page displayed
2021-06-09 18:48:32,791 :INFO : verify_menu_link : Google Play store opened
2021-06-09 18:49:34,214 :INFO : verify_menu_link : Sign Up page displayed
2021-06-09 18:49:43,799 :INFO : verify_menu_link : Google Play store opened
2021-06-09 18:50:56,044 :INFO : verify_menu_link : Sign Up page displayed
2021-06-09 18:51:05,852 :INFO : verify_menu_link : Google Play store opened
2021-06-09 18:52:47,393 :INFO : verify_menu_link : Sign Up page displayed
2021-06-09 18:52:54,878 :INFO : verify_menu_link : Google Play store opened
2021-06-09 18:54:26,389 :INFO : verify_menu_link : Sign Up page displayed
2021-06-09 18:54:33,494 :INFO : verify_menu_link : Google Play store opened
2021-06-09 18:54:33,737 :INFO : verify_menu_link : Livpure Smart - Apps on Google Play
2021-06-09 18:56:47,819 :INFO : verify_menu_link : Sign Up page displayed
2021-06-09 19:00:08,319 :INFO : verify_menu_link : Sign Up page displayed
2021-06-09 19:00:17,564 :INFO : verify_menu_link : Google Play store opened
2021-06-09 19:07:35,837 :INFO : verify_menu_link : Sign Up page displayed
2021-06-09 19:07:45,214 :INFO : verify_menu_link : Google Play store opened
2021-06-09 19:09:20,778 :INFO : verify_menu_link : Sign Up page displayed
2021-06-09 19:09:28,210 :INFO : verify_menu_link : Google Play store opened
2021-06-09 19:11:20,884 :INFO : verify_menu_link : Sign Up page displayed
2021-06-09 19:11:30,248 :INFO : verify_menu_link : Google Play store opened
2021-06-09 19:14:10,101 :INFO : verify_menu_link : Sign Up page displayed
2021-06-09 19:14:21,346 :INFO : verify_menu_link : Google Play store opened
2021-06-09 19:20:13,824 :INFO : verify_menu_link : Sign Up page displayed
2021-06-09 19:20:22,621 :INFO : verify_menu_link : Google Play store opened
2021-06-09 19:23:04,680 :INFO : verify_menu_link : Sign Up page displayed
2021-06-09 19:23:14,537 :INFO : verify_menu_link : Google Play store opened
2021-06-09 19:27:20,881 :INFO : verify_menu_link : Sign Up page displayed
2021-06-09 19:27:30,396 :INFO : verify_menu_link : Google Play store opened
2021-06-09 19:29:30,106 :INFO : verify_menu_link : Sign Up page displayed
2021-06-09 19:32:04,357 :INFO : verify_menu_link : Sign Up page displayed
2021-06-09 19:32:15,731 :INFO : verify_menu_link : Google Play store opened
2021-06-09 19:33:51,940 :INFO : verify_menu_link : Google Play store opened
2021-06-09 19:38:16,865 :INFO : verify_menu_link : Google Play store opened
2021-06-09 19:39:18,693 :INFO : verify_menu_link : Google Play store opened
2021-06-09 19:40:28,093 :INFO : verify_menu_link : Google Play store opened
2021-06-09 19:44:01,932 :INFO : verify_menu_link : Google Play store opened
2021-06-09 19:44:48,427 :INFO : verify_menu_link : Google Play store opened
2021-06-09 19:47:52,637 :INFO : verify_menu_link : Google Play store opened
2021-06-09 19:48:23,593 :INFO : verify_menu_link : Google Play store opened
2021-06-09 19:50:20,329 :INFO : verify_menu_link : Google Play store opened
2021-06-09 19:50:25,439 :INFO : verify_menu_link : App store opened
2021-06-09 19:51:45,945 :INFO : verify_menu_link : Google Play store opened
2021-06-10 12:24:54,629 :INFO : verify_CustomerDashboard : Username displayed
2021-06-10 12:24:54,657 :INFO : verify_CustomerDashboard : Email displayed
2021-06-10 12:24:54,681 :INFO : verify_CustomerDashboard : Phone No displayed
2021-06-10 12:24:54,705 :INFO : verify_CustomerDashboard : Address displayed
2021-06-10 12:24:54,725 :INFO : verify_CustomerDashboard : City displayed
2021-06-10 12:24:54,746 :INFO : verify_CustomerDashboard : State displayed
2021-06-10 12:24:54,768 :INFO : verify_CustomerDashboard : Pincode displayed
2021-06-10 12:25:14,946 :INFO : verify_CustomerDashboard : Username displayed
2021-06-10 12:25:14,974 :INFO : verify_CustomerDashboard : Email displayed
2021-06-10 12:25:15,004 :INFO : verify_CustomerDashboard : Phone No displayed
2021-06-10 12:25:15,028 :INFO : verify_CustomerDashboard : Address displayed
2021-06-10 12:25:15,052 :INFO : verify_CustomerDashboard : City displayed
2021-06-10 12:25:15,079 :INFO : verify_CustomerDashboard : State displayed
2021-06-10 12:25:15,123 :INFO : verify_CustomerDashboard : Pincode displayed
2021-06-10 12:27:04,067 :INFO : verify_CustomerDashboard : Username displayed
2021-06-10 12:27:04,099 :INFO : verify_CustomerDashboard : Email displayed
2021-06-10 12:27:04,124 :INFO : verify_CustomerDashboard : Phone No displayed
2021-06-10 12:27:04,142 :INFO : verify_CustomerDashboard : Address displayed
2021-06-10 12:27:04,161 :INFO : verify_CustomerDashboard : City displayed
2021-06-10 12:27:04,182 :INFO : verify_CustomerDashboard : State displayed
2021-06-10 12:27:04,205 :INFO : verify_CustomerDashboard : Pincode displayed
2021-06-10 12:27:17,165 :INFO : verify_CustomerDashboard : Redirected to WhatsApp page
2021-06-10 13:24:03,641 :INFO : verify_ReferAndEarn : invite page and message displayed
2021-06-10 13:25:48,768 :INFO : verify_ReferAndEarn : invite page and message displayed
2021-06-10 13:25:48,795 :INFO : verify_ReferAndEarn : 
2021-06-10 13:25:48,795 :INFO : verify_ReferAndEarn : BF0ID2
2021-06-10 13:29:28,615 :INFO : verify_ReferAndEarn : invite page and message displayed
2021-06-10 13:29:33,724 :INFO : verify_ReferAndEarn : 
2021-06-10 13:29:33,724 :INFO : verify_ReferAndEarn : BF0ID2
2021-06-10 13:30:18,859 :INFO : verify_ReferAndEarn : invite page and message displayed
2021-06-10 13:30:23,900 :INFO : verify_ReferAndEarn : 
2021-06-10 13:32:01,273 :INFO : verify_ReferAndEarn : invite page and message displayed
2021-06-10 13:32:06,303 :INFO : verify_ReferAndEarn : 
2021-06-10 13:33:33,839 :INFO : verify_ReferAndEarn : invite page and message displayed
2021-06-10 13:33:38,943 :INFO : verify_ReferAndEarn : 
2021-06-10 14:28:57,306 :INFO : verify_ReferAndEarn : invite page and message displayed
2021-06-10 14:29:02,547 :INFO : verify_ReferAndEarn : BF0ID2
2021-06-10 14:29:02,547 :INFO : verify_ReferAndEarn : referral Code are same from Customer dashboard and invite page
2021-06-10 14:29:03,090 :INFO : verify_ReferAndEarn : Tooltip displayed for Copy Icon
2021-06-10 14:29:03,232 :INFO : verify_ReferAndEarn : Copied: BF0ID2
2021-06-10 14:32:58,350 :INFO : verify_ReferAndEarn : invite page and message displayed
2021-06-10 14:34:25,210 :INFO : verify_ReferAndEarn : invite page and message displayed
2021-06-10 14:34:25,329 :INFO : verify_ReferAndEarn : referral Code are same from Customer dashboard and invite page
2021-06-10 14:34:55,492 :INFO : verify_ReferAndEarn : invite page and message displayed
2021-06-10 14:34:55,633 :INFO : verify_ReferAndEarn : referral Code are same from Customer dashboard and invite page
2021-06-10 14:36:01,328 :INFO : verify_ReferAndEarn : invite page and message displayed
2021-06-10 14:36:01,348 :INFO : verify_ReferAndEarn : referral Code are same from Customer dashboard and invite page
2021-06-10 14:36:41,721 :INFO : verify_ReferAndEarn : invite page and message displayed
2021-06-10 14:36:41,742 :INFO : verify_ReferAndEarn : referral Code are same from Customer dashboard and invite page
2021-06-10 14:37:58,519 :INFO : verify_ReferAndEarn : invite page and message displayed
2021-06-10 14:38:03,600 :INFO : verify_ReferAndEarn : referral Code are same from Customer dashboard and invite page
2021-06-10 14:38:15,169 :INFO : verify_ReferAndEarn : Tooltip displayed for Copy Icon
2021-06-10 14:38:15,383 :INFO : verify_ReferAndEarn : Copied: BF0ID2
2021-06-10 14:38:43,786 :INFO : verify_ReferAndEarn : invite page and message displayed
2021-06-10 14:38:48,859 :INFO : verify_ReferAndEarn : referral Code are same from Customer dashboard and invite page
2021-06-10 14:39:43,959 :INFO : verify_ReferAndEarn : invite page and message displayed
2021-06-10 14:39:49,034 :INFO : verify_ReferAndEarn : referral Code are same from Customer dashboard and invite page
2021-06-10 14:40:35,033 :INFO : verify_ReferAndEarn : invite page and message displayed
2021-06-10 14:40:40,106 :INFO : verify_ReferAndEarn : referral Code are same from Customer dashboard and invite page
2021-06-10 14:41:39,798 :INFO : verify_ReferAndEarn : invite page and message displayed
2021-06-10 14:41:45,036 :INFO : verify_ReferAndEarn : referral Code are same from Customer dashboard and invite page
2021-06-10 14:43:28,073 :INFO : verify_ReferAndEarn : invite page and message displayed
2021-06-10 14:43:33,355 :INFO : verify_ReferAndEarn : referral Code are same from Customer dashboard and invite page
2021-06-10 14:43:33,752 :INFO : verify_ReferAndEarn : Tooltip displayed for Copy Icon
2021-06-10 14:43:33,964 :INFO : verify_ReferAndEarn : Copied: BF0ID2
2021-06-10 14:44:00,948 :INFO : verify_ReferAndEarn : invite page and message displayed
2021-06-10 14:44:06,196 :INFO : verify_ReferAndEarn : referral Code are same from Customer dashboard and invite page
2021-06-10 14:44:06,604 :INFO : verify_ReferAndEarn : Tooltip displayed for Copy Icon
2021-06-10 14:44:06,780 :INFO : verify_ReferAndEarn : Copied: BF0ID2
2021-06-10 15:13:47,201 :INFO : verify_ReferAndEarn : invite page and message displayed
2021-06-10 15:13:52,408 :INFO : verify_ReferAndEarn : referral Code are same from Customer dashboard and invite page
2021-06-10 15:13:52,815 :INFO : verify_ReferAndEarn : Tooltip displayed for Copy Icon
2021-06-10 15:13:53,053 :INFO : verify_ReferAndEarn : Copied: BF0ID2
2021-06-10 15:13:59,406 :INFO : verify_ReferAndEarn : Whatsapp opened
2021-06-10 15:13:59,563 :INFO : verify_ReferAndEarn : How does it work popup displayed
2021-06-10 15:14:00,667 :INFO : verify_ReferAndEarn : TC page displayed
2021-06-10 15:41:24,771 :INFO : verify_ReferAndEarn : invite page and message displayed
2021-06-10 15:41:29,974 :INFO : verify_ReferAndEarn : referral Code are same from Customer dashboard and invite page
2021-06-10 15:41:30,394 :INFO : verify_ReferAndEarn : Tooltip displayed for Copy Icon
2021-06-10 15:41:30,619 :INFO : verify_ReferAndEarn : Copied: BF0ID2
2021-06-10 15:41:35,342 :INFO : verify_ReferAndEarn : Whatsapp opened
2021-06-10 15:41:35,520 :INFO : verify_ReferAndEarn : How does it work popup displayed
2021-06-10 15:41:36,300 :INFO : verify_ReferAndEarn : TC page displayed
2021-06-10 15:42:38,573 :INFO : verify_ReferralHistory : Referral History page displayed
2021-06-10 15:43:57,896 :INFO : verify_ReferralHistory : Referral History page displayed
2021-06-10 16:50:16,988 :INFO : verify_changePassword : Password cannot be same message displayed
2021-06-10 16:50:20,777 :INFO : verify_changePassword : Password changed successfully
2021-06-10 16:56:05,977 :INFO : verify_changePassword : Password cannot be same message displayed
2021-06-10 16:56:14,443 :INFO : verify_changePassword : Password changed successfully
2021-06-10 17:01:32,791 :INFO : verify_changePassword : Password cannot be same message displayed
2021-06-10 17:01:41,882 :INFO : verify_changePassword : Password changed successfully
2021-06-10 17:03:53,608 :INFO : verify_changePassword : Password cannot be same message displayed
2021-06-10 17:05:44,482 :INFO : verify_changePassword : Password cannot be same message displayed
2021-06-10 17:10:38,675 :INFO : verify_changePassword : Password cannot be same message displayed
2021-06-10 17:13:16,483 :INFO : verify_changePassword : Password cannot be same message displayed
2021-06-10 17:15:35,219 :INFO : verify_changePassword : Password cannot be same message displayed
2021-06-10 17:15:36,050 :INFO : verify_changePassword : Password reset successful message displayed
2021-06-10 18:07:37,386 :INFO : verify_changePassword : Password cannot be same message displayed
2021-06-10 18:07:38,124 :INFO : verify_changePassword : Password reset successful message displayed
2021-06-10 18:09:32,043 :INFO : verify_changePassword : Password cannot be same message displayed
2021-06-10 18:09:32,788 :INFO : verify_changePassword : Password reset successful message displayed
2021-06-10 18:09:41,425 :INFO : verify_changePassword : Password changed successfully
2021-06-10 18:35:52,968 :INFO : verifyeKYC : Password displayed in encrypted form
2021-06-10 18:35:56,185 :INFO : verifyeKYC : Password displayed on view
2021-06-10 18:36:11,788 :INFO : verifyeKYC : Referral code diplays for not paid registered account
2021-06-10 18:36:13,528 :INFO : verifyeKYC : liters per month value displayed
2021-06-10 18:36:13,651 :INFO : verifyeKYC : Actualprice 400,6,2400
2021-06-10 18:39:36,433 :INFO : verifyeKYC : Password displayed in encrypted form
2021-06-10 18:39:39,643 :INFO : verifyeKYC : Password displayed on view
2021-06-10 18:39:55,061 :INFO : verifyeKYC : Referral code diplays for not paid registered account
2021-06-10 18:39:56,720 :INFO : verifyeKYC : liters per month value displayed
2021-06-10 18:39:56,867 :INFO : verifyeKYC : Actualprice 400,6,2400
2021-06-10 18:41:44,660 :INFO : SignUp : SignUp page selected by default
2021-06-10 18:42:01,203 :INFO : SignUp : Password displayed in encrypted form
2021-06-10 18:42:01,303 :INFO : SignUp : Password displayed on view
2021-06-10 18:42:25,575 :INFO : SignUp : Signed Up successfully
2021-06-10 18:42:58,527 :INFO : verifyeKYC : Password displayed in encrypted form
2021-06-10 18:43:01,787 :INFO : verifyeKYC : Password displayed on view
2021-06-10 18:43:16,548 :INFO : verifyeKYC : Referral code diplays for not paid registered account
2021-06-10 18:43:18,230 :INFO : verifyeKYC : liters per month value displayed
2021-06-10 18:43:18,358 :INFO : verifyeKYC : Actualprice 400,6,2400
2021-06-10 18:43:25,345 :INFO : verifyeKYC : Username displayed correctly in installation address page
2021-06-10 18:43:25,346 :INFO : verifyeKYC : Email displayed correctly in installation address page
2021-06-10 18:43:25,346 :INFO : verifyeKYC : Mobile number displayed correctly in installation address page
2021-06-10 18:43:35,853 :INFO : verifyeKYC : Enter valid code message displayed
2021-06-10 18:44:06,550 :INFO : verifyeKYC : Reveiew and Pay page displayed
2021-06-10 18:44:15,669 :INFO : verifyeKYC : Displayed correct total pay amount
